{"timestamp":"2025-07-15T02:39:05.534818","level":"info","event":"DAG bundles loaded: dags-folder, example_dags","logger":"airflow.dag_processing.bundles.manager.DagBundlesManager"}
{"timestamp":"2025-07-15T02:39:05.537315","level":"info","event":"Filling up the DagBag from /opt/airflow/dags/DAG102.py","logger":"airflow.models.dagbag.DagBag"}
{"timestamp":"2025-07-15T02:39:05.726986Z","level":"info","event":"Task instance is in running state","chan":"stdout","logger":"task"}
{"timestamp":"2025-07-15T02:39:05.728113Z","level":"info","event":" Previous state of the Task instance: TaskInstanceState.QUEUED","chan":"stdout","logger":"task"}
{"timestamp":"2025-07-15T02:39:05.729064Z","level":"info","event":"Current task name:extract_genres","chan":"stdout","logger":"task"}
{"timestamp":"2025-07-15T02:39:05.729568Z","level":"info","event":"Dag name:movie_dag","chan":"stdout","logger":"task"}
{"timestamp":"2025-07-15T02:39:07.061148","level":"info","event":"Done. Returned value was: None","logger":"airflow.task.operators.airflow.providers.standard.operators.python.PythonOperator"}
{"timestamp":"2025-07-15T02:39:07.578541Z","level":"info","event":"Task instance in success state","chan":"stdout","logger":"task"}
{"timestamp":"2025-07-15T02:39:07.578999Z","level":"info","event":" Previous state of the Task instance: TaskInstanceState.RUNNING","chan":"stdout","logger":"task"}
{"timestamp":"2025-07-15T02:39:07.579432Z","level":"info","event":"Task operator:<Task(PythonOperator): extract_genres>","chan":"stdout","logger":"task"}
{"timestamp":"2025-07-15T02:55:16.509944","level":"info","event":"DAG bundles loaded: dags-folder, example_dags","logger":"airflow.dag_processing.bundles.manager.DagBundlesManager"}
{"timestamp":"2025-07-15T02:55:16.511906","level":"info","event":"Filling up the DagBag from /opt/airflow/dags/DAG102.py","logger":"airflow.models.dagbag.DagBag"}
{"timestamp":"2025-07-15T02:55:17.225486Z","level":"info","event":"Task instance is in running state","chan":"stdout","logger":"task"}
{"timestamp":"2025-07-15T02:55:17.226247Z","level":"info","event":" Previous state of the Task instance: TaskInstanceState.QUEUED","chan":"stdout","logger":"task"}
{"timestamp":"2025-07-15T02:55:17.226991Z","level":"info","event":"Current task name:extract_genres","chan":"stdout","logger":"task"}
{"timestamp":"2025-07-15T02:55:17.227619Z","level":"info","event":"Dag name:movie_dag","chan":"stdout","logger":"task"}
{"timestamp":"2025-07-15T02:55:17.582239","level":"info","event":"Done. Returned value was: None","logger":"airflow.task.operators.airflow.providers.standard.operators.python.PythonOperator"}
{"timestamp":"2025-07-15T02:55:17.640834Z","level":"info","event":"Task instance in success state","chan":"stdout","logger":"task"}
{"timestamp":"2025-07-15T02:55:17.641447Z","level":"info","event":" Previous state of the Task instance: TaskInstanceState.RUNNING","chan":"stdout","logger":"task"}
{"timestamp":"2025-07-15T02:55:17.641863Z","level":"info","event":"Task operator:<Task(PythonOperator): extract_genres>","chan":"stdout","logger":"task"}
