{"timestamp":"2025-07-15T02:39:05.535588","level":"info","event":"DAG bundles loaded: dags-folder, example_dags","logger":"airflow.dag_processing.bundles.manager.DagBundlesManager"}
{"timestamp":"2025-07-15T02:39:05.539176","level":"info","event":"Filling up the DagBag from /opt/airflow/dags/DAG102.py","logger":"airflow.models.dagbag.DagBag"}
{"timestamp":"2025-07-15T02:39:05.763001Z","level":"info","event":"Task instance is in running state","chan":"stdout","logger":"task"}
{"timestamp":"2025-07-15T02:39:05.797141Z","level":"info","event":" Previous state of the Task instance: TaskInstanceState.QUEUED","chan":"stdout","logger":"task"}
{"timestamp":"2025-07-15T02:39:05.798397Z","level":"info","event":"Current task name:extract_tmdb","chan":"stdout","logger":"task"}
{"timestamp":"2025-07-15T02:39:05.798935Z","level":"info","event":"Dag name:movie_dag","chan":"stdout","logger":"task"}
{"timestamp":"2025-07-15T02:39:10.351751","level":"info","event":"Done. Returned value was: None","logger":"airflow.task.operators.airflow.providers.standard.operators.python.PythonOperator"}
{"timestamp":"2025-07-15T02:39:10.420551Z","level":"info","event":"Task instance in success state","chan":"stdout","logger":"task"}
{"timestamp":"2025-07-15T02:39:10.421134Z","level":"info","event":" Previous state of the Task instance: TaskInstanceState.RUNNING","chan":"stdout","logger":"task"}
{"timestamp":"2025-07-15T02:39:10.421676Z","level":"info","event":"Task operator:<Task(PythonOperator): extract_tmdb>","chan":"stdout","logger":"task"}
{"timestamp":"2025-07-15T02:55:16.509311","level":"info","event":"DAG bundles loaded: dags-folder, example_dags","logger":"airflow.dag_processing.bundles.manager.DagBundlesManager"}
{"timestamp":"2025-07-15T02:55:16.511924","level":"info","event":"Filling up the DagBag from /opt/airflow/dags/DAG102.py","logger":"airflow.models.dagbag.DagBag"}
{"timestamp":"2025-07-15T02:55:17.179592Z","level":"info","event":"Task instance is in running state","chan":"stdout","logger":"task"}
{"timestamp":"2025-07-15T02:55:17.180429Z","level":"info","event":" Previous state of the Task instance: TaskInstanceState.QUEUED","chan":"stdout","logger":"task"}
{"timestamp":"2025-07-15T02:55:17.181183Z","level":"info","event":"Current task name:extract_tmdb","chan":"stdout","logger":"task"}
{"timestamp":"2025-07-15T02:55:17.181750Z","level":"info","event":"Dag name:movie_dag","chan":"stdout","logger":"task"}
{"timestamp":"2025-07-15T02:55:20.975769","level":"info","event":"Done. Returned value was: None","logger":"airflow.task.operators.airflow.providers.standard.operators.python.PythonOperator"}
{"timestamp":"2025-07-15T02:55:21.040728Z","level":"info","event":"Task instance in success state","chan":"stdout","logger":"task"}
{"timestamp":"2025-07-15T02:55:21.041323Z","level":"info","event":" Previous state of the Task instance: TaskInstanceState.RUNNING","chan":"stdout","logger":"task"}
{"timestamp":"2025-07-15T02:55:21.041793Z","level":"info","event":"Task operator:<Task(PythonOperator): extract_tmdb>","chan":"stdout","logger":"task"}
